<1000-reading-comprehension-practice-test-items-for-the-new-TOEIC-test-PDFDrive->
<>
    > Tien to, hau to (102).
<>
>>> 101 (A) If
>>> 102 (A) Her
>>> 103 (A) All
>>> 104 (D) Will use
>>> 105 (A) Require
>>> 106 (A) Determine
>>> 107 (D) Happy
>>> 108 (B) Himself
>>> 109 (A) Sincere 
    Sincere <Chân thành>, Original <Nguyên Bản>, Estimated <Ước lượng>.
>>> 110 (A) Negotiate
    Majority <Số đông>, Lawyer <Luất sư>, Negotiate <Thương lượng>
>>> 101 (A) Reserve
    reserve < Dự trữ >
    >
    It is Impossible + to + Verb (infinitive) + …
    It is Impossible (+ for + Object ) + to + Verb (infinitive) + … 
    It is Impossible + that + Clause
>>> 102 
   Presentation <Bai thuyet trinh>, Commence <Bat Dau>, precise <Tom luoc>
   
   
